<?xml version="1.0" encoding="UTF-8"?>
<!-- Generated by org.testng.reporters.JUnitXMLReporter -->
<testsuite ignored="0" hostname="DESKTOP-V61CB0K" failures="0" tests="4" name="Test" time="38.806" errors="0" timestamp="2025-04-06T11:34:51 GMT+06:00">
  <testcase classname="testCases.TC002_LoginTest" name="login" time="2.038"/>
  <testcase classname="testCases.TC005_ProceedToCheckoutTest" name="checkOut" time="6.931"/>
  <testcase classname="testCases.TC006_MyOrdersTest" name="myOrders" time="7.59"/>
  <testcase classname="testCases.TC007_PaymentGatewayTest" name="payNow" time="12.237"/>
</testsuite> <!-- Test -->
