<?xml version="1.0" encoding="UTF-8"?>
<testng-results ignored="0" total="1" passed="1" failed="0" skipped="0">
  <reporter-output>
  </reporter-output>
  <suite started-at="2025-03-23T17:12:06 GMT+06:00" name="Default suite" finished-at="2025-03-23T17:12:18 GMT+06:00" duration-ms="12489">
    <groups>
    </groups>
    <test started-at="2025-03-23T17:12:06 GMT+06:00" name="Default test" finished-at="2025-03-23T17:12:18 GMT+06:00" duration-ms="12489">
      <class name="testCases.TC021_AdministratorsAddTest">
        <test-method is-config="true" signature="setup()[pri:0, instance:testCases.TC021_AdministratorsAddTest@46944ca9]" started-at="2025-03-23T17:12:06 GMT+06:00" name="setup" finished-at="2025-03-23T17:12:09 GMT+06:00" duration-ms="3281" status="PASS">
          <reporter-output>
          </reporter-output>
        </test-method> <!-- setup -->
        <test-method signature="administratorsAdd()[pri:0, instance:testCases.TC021_AdministratorsAddTest@46944ca9]" started-at="2025-03-23T17:12:09 GMT+06:00" name="administratorsAdd" finished-at="2025-03-23T17:12:18 GMT+06:00" duration-ms="9003" status="PASS">
          <reporter-output>
          </reporter-output>
        </test-method> <!-- administratorsAdd -->
        <test-method is-config="true" signature="tearDown()[pri:0, instance:testCases.TC021_AdministratorsAddTest@46944ca9]" started-at="2025-03-23T17:12:18 GMT+06:00" name="tearDown" finished-at="2025-03-23T17:12:18 GMT+06:00" duration-ms="177" status="PASS">
          <reporter-output>
          </reporter-output>
        </test-method> <!-- tearDown -->
      </class> <!-- testCases.TC021_AdministratorsAddTest -->
    </test> <!-- Default test -->
  </suite> <!-- Default suite -->
</testng-results>
