<?xml version="1.0" encoding="UTF-8"?>
<testng-results ignored="0" total="1" passed="1" failed="0" skipped="0">
  <reporter-output>
  </reporter-output>
  <suite started-at="2025-04-27T12:20:33 GMT+06:00" name="Default suite" finished-at="2025-04-27T12:20:41 GMT+06:00" duration-ms="7481">
    <groups>
    </groups>
    <test started-at="2025-04-27T12:20:33 GMT+06:00" name="Default test" finished-at="2025-04-27T12:20:41 GMT+06:00" duration-ms="7481">
      <class name="testCases.TC020_OffersDeleteTest">
        <test-method is-config="true" signature="setup()[pri:0, instance:testCases.TC020_OffersDeleteTest@79c7532f]" started-at="2025-04-27T12:20:33 GMT+06:00" name="setup" finished-at="2025-04-27T12:20:36 GMT+06:00" duration-ms="2486" status="PASS">
          <reporter-output>
          </reporter-output>
        </test-method> <!-- setup -->
        <test-method signature="offersDelete()[pri:0, instance:testCases.TC020_OffersDeleteTest@79c7532f]" started-at="2025-04-27T12:20:36 GMT+06:00" name="offersDelete" finished-at="2025-04-27T12:20:39 GMT+06:00" duration-ms="3690" status="PASS">
          <reporter-output>
          </reporter-output>
        </test-method> <!-- offersDelete -->
        <test-method is-config="true" signature="tearDown()[pri:0, instance:testCases.TC020_OffersDeleteTest@79c7532f]" started-at="2025-04-27T12:20:39 GMT+06:00" name="tearDown" finished-at="2025-04-27T12:20:41 GMT+06:00" duration-ms="1276" status="PASS">
          <reporter-output>
          </reporter-output>
        </test-method> <!-- tearDown -->
      </class> <!-- testCases.TC020_OffersDeleteTest -->
    </test> <!-- Default test -->
  </suite> <!-- Default suite -->
</testng-results>
